  BulletObject.cpp
C:\VisualStudioProjects\MySDL2Game\CommonFunc.h(47,2): warning C4091: 'typedef ': ignored on left of 'Input' when no variable is declared
C:\VisualStudioProjects\MySDL2Game\CommonFunc.h(59,2): warning C4091: 'typedef ': ignored on left of 'Map' when no variable is declared
  ExplosionObject.cpp
C:\VisualStudioProjects\MySDL2Game\CommonFunc.h(47,2): warning C4091: 'typedef ': ignored on left of 'Input' when no variable is declared
C:\VisualStudioProjects\MySDL2Game\CommonFunc.h(59,2): warning C4091: 'typedef ': ignored on left of 'Map' when no variable is declared
  ImpTimer.cpp
C:\VisualStudioProjects\MySDL2Game\CommonFunc.h(47,2): warning C4091: 'typedef ': ignored on left of 'Input' when no variable is declared
C:\VisualStudioProjects\MySDL2Game\CommonFunc.h(59,2): warning C4091: 'typedef ': ignored on left of 'Map' when no variable is declared
C:\VisualStudioProjects\MySDL2Game\ImpTimer.cpp(34,14): warning C4553: '==': result of expression not used; did you intend '='?
C:\VisualStudioProjects\MySDL2Game\ImpTimer.cpp(43,14): warning C4553: '==': result of expression not used; did you intend '='?
  MainObject.cpp
C:\VisualStudioProjects\MySDL2Game\CommonFunc.h(47,2): warning C4091: 'typedef ': ignored on left of 'Input' when no variable is declared
C:\VisualStudioProjects\MySDL2Game\CommonFunc.h(59,2): warning C4091: 'typedef ': ignored on left of 'Map' when no variable is declared
C:\VisualStudioProjects\MySDL2Game\MainObject.cpp(107,20): warning C4244: '=': conversion from 'float' to 'int', possible loss of data
C:\VisualStudioProjects\MySDL2Game\MainObject.cpp(108,20): warning C4244: '=': conversion from 'float' to 'int', possible loss of data
C:\VisualStudioProjects\MySDL2Game\MainObject.cpp(174,46): warning C4244: 'argument': conversion from 'double' to 'const int', possible loss of data
C:\VisualStudioProjects\MySDL2Game\MainObject.cpp(179,66): warning C4244: 'argument': conversion from 'double' to 'const int', possible loss of data
C:\VisualStudioProjects\MySDL2Game\MainObject.cpp(217,34): warning C4267: 'initializing': conversion from 'size_t' to 'int', possible loss of data
C:\VisualStudioProjects\MySDL2Game\MainObject.cpp(236,26): warning C4305: '+=': truncation from 'double' to 'float'
C:\VisualStudioProjects\MySDL2Game\MainObject.cpp(283,29): warning C4244: '=': conversion from 'float' to 'int', possible loss of data
C:\VisualStudioProjects\MySDL2Game\MainObject.cpp(293,29): warning C4244: '=': conversion from 'float' to 'int', possible loss of data
C:\VisualStudioProjects\MySDL2Game\MainObject.cpp(315,25): warning C4244: '=': conversion from 'float' to 'int', possible loss of data
C:\VisualStudioProjects\MySDL2Game\MainObject.cpp(316,44): warning C4244: '=': conversion from 'float' to 'int', possible loss of data
C:\VisualStudioProjects\MySDL2Game\MainObject.cpp(318,14): warning C4244: '=': conversion from 'float' to 'int', possible loss of data
C:\VisualStudioProjects\MySDL2Game\MainObject.cpp(319,33): warning C4244: '=': conversion from 'float' to 'int', possible loss of data
C:\VisualStudioProjects\MySDL2Game\MainObject.cpp(344,17): warning C4244: '=': conversion from 'int' to 'float', possible loss of data
C:\VisualStudioProjects\MySDL2Game\MainObject.cpp(365,24): warning C4244: '=': conversion from 'int' to 'float', possible loss of data
C:\VisualStudioProjects\MySDL2Game\MainObject.cpp(376,16): warning C4244: '=': conversion from 'float' to 'int', possible loss of data
C:\VisualStudioProjects\MySDL2Game\MainObject.cpp(377,28): warning C4244: '=': conversion from 'float' to 'int', possible loss of data
C:\VisualStudioProjects\MySDL2Game\MainObject.cpp(379,25): warning C4244: '=': conversion from 'float' to 'int', possible loss of data
C:\VisualStudioProjects\MySDL2Game\MainObject.cpp(380,45): warning C4244: '=': conversion from 'float' to 'int', possible loss of data
C:\VisualStudioProjects\MySDL2Game\MainObject.cpp(400,18): warning C4244: '=': conversion from 'int' to 'float', possible loss of data
C:\VisualStudioProjects\MySDL2Game\MainObject.cpp(424,24): warning C4244: '=': conversion from 'int' to 'float', possible loss of data
C:\VisualStudioProjects\MySDL2Game\MainObject.cpp(442,43): warning C4244: '=': conversion from 'int' to 'float', possible loss of data
  TextObject.cpp
C:\VisualStudioProjects\MySDL2Game\CommonFunc.h(47,2): warning C4091: 'typedef ': ignored on left of 'Input' when no variable is declared
C:\VisualStudioProjects\MySDL2Game\CommonFunc.h(59,2): warning C4091: 'typedef ': ignored on left of 'Map' when no variable is declared
  ThreatsObject.cpp
C:\VisualStudioProjects\MySDL2Game\CommonFunc.h(47,2): warning C4091: 'typedef ': ignored on left of 'Input' when no variable is declared
C:\VisualStudioProjects\MySDL2Game\CommonFunc.h(59,2): warning C4091: 'typedef ': ignored on left of 'Map' when no variable is declared
C:\VisualStudioProjects\MySDL2Game\ThreatsObject.cpp(66,20): warning C4244: '=': conversion from 'float' to 'int', possible loss of data
C:\VisualStudioProjects\MySDL2Game\ThreatsObject.cpp(67,20): warning C4244: '=': conversion from 'float' to 'int', possible loss of data
C:\VisualStudioProjects\MySDL2Game\ThreatsObject.cpp(85,33): warning C4305: '+=': truncation from 'double' to 'float'
C:\VisualStudioProjects\MySDL2Game\ThreatsObject.cpp(143,32): warning C4267: 'initializing': conversion from 'size_t' to 'int', possible loss of data
C:\VisualStudioProjects\MySDL2Game\ThreatsObject.cpp(169,25): warning C4244: '=': conversion from 'float' to 'int', possible loss of data
C:\VisualStudioProjects\MySDL2Game\ThreatsObject.cpp(170,44): warning C4244: '=': conversion from 'float' to 'int', possible loss of data
C:\VisualStudioProjects\MySDL2Game\ThreatsObject.cpp(172,14): warning C4244: '=': conversion from 'float' to 'int', possible loss of data
C:\VisualStudioProjects\MySDL2Game\ThreatsObject.cpp(173,36): warning C4244: '=': conversion from 'float' to 'int', possible loss of data
C:\VisualStudioProjects\MySDL2Game\ThreatsObject.cpp(192,17): warning C4244: '=': conversion from 'int' to 'float', possible loss of data
C:\VisualStudioProjects\MySDL2Game\ThreatsObject.cpp(205,23): warning C4244: '=': conversion from 'int' to 'float', possible loss of data
C:\VisualStudioProjects\MySDL2Game\ThreatsObject.cpp(215,16): warning C4244: '=': conversion from 'float' to 'int', possible loss of data
C:\VisualStudioProjects\MySDL2Game\ThreatsObject.cpp(216,28): warning C4244: '=': conversion from 'float' to 'int', possible loss of data
C:\VisualStudioProjects\MySDL2Game\ThreatsObject.cpp(218,25): warning C4244: '=': conversion from 'float' to 'int', possible loss of data
C:\VisualStudioProjects\MySDL2Game\ThreatsObject.cpp(219,45): warning C4244: '=': conversion from 'float' to 'int', possible loss of data
C:\VisualStudioProjects\MySDL2Game\ThreatsObject.cpp(230,17): warning C4244: '=': conversion from 'int' to 'float', possible loss of data
C:\VisualStudioProjects\MySDL2Game\ThreatsObject.cpp(244,23): warning C4244: '=': conversion from 'int' to 'float', possible loss of data
C:\VisualStudioProjects\MySDL2Game\ThreatsObject.cpp(260,43): warning C4244: '=': conversion from 'int' to 'float', possible loss of data
C:\VisualStudioProjects\MySDL2Game\ThreatsObject.cpp(313,42): warning C4244: 'argument': conversion from 'float' to 'const int', possible loss of data
C:\VisualStudioProjects\MySDL2Game\ThreatsObject.cpp(344,43): warning C4244: 'argument': conversion from 'float' to 'const int', possible loss of data
  Generating Code...
  MySDL2Game.vcxproj -> C:\VisualStudioProjects\MySDL2Game\x64\Debug\MySDL2Game.exe
